[2025-03-14 21:27:56] Centros de trabajo recuperados
Datos: Array
(
    [cantidad] => 1
    [centrosPermitidos] => 1
)

--------------------------------------------------------------------------------
[2025-03-14 21:29:27] Centros de trabajo recuperados
Datos: Array
(
    [cantidad] => 1
    [centrosPermitidos] => 1
)

--------------------------------------------------------------------------------
[2025-03-14 21:38:16] Centros de trabajo recuperados
Datos: Array
(
    [cantidad] => 1
    [centrosPermitidos] => 1
)

--------------------------------------------------------------------------------
[2025-03-14 21:38:29] Centros de trabajo recuperados
Datos: Array
(
    [cantidad] => 1
    [centrosPermitidos] => 1
)

--------------------------------------------------------------------------------
[2025-03-14 21:56:10] Centros de trabajo recuperados
Datos: Array
(
    [cantidad] => 1
    [centrosPermitidos] => 1
)

--------------------------------------------------------------------------------
[2025-03-14 21:56:39] Centros de trabajo recuperados
Datos: Array
(
    [cantidad] => 1
    [centrosPermitidos] => 1
)

--------------------------------------------------------------------------------
[2025-03-14 21:57:05] Centros de trabajo recuperados
Datos: Array
(
    [cantidad] => 1
    [centrosPermitidos] => 1
)

--------------------------------------------------------------------------------
[2025-03-14 21:57:32] Centros de trabajo recuperados
Datos: Array
(
    [cantidad] => 1
    [centrosPermitidos] => 1
)

--------------------------------------------------------------------------------
[2025-03-14 21:58:02] Centros de trabajo recuperados
Datos: Array
(
    [cantidad] => 1
    [centrosPermitidos] => 1
)

--------------------------------------------------------------------------------
[2025-03-14 21:58:11] Centros de trabajo recuperados
Datos: Array
(
    [cantidad] => 1
    [centrosPermitidos] => 1
)

--------------------------------------------------------------------------------
[2025-03-14 22:01:49] Centros de trabajo recuperados
Datos: Array
(
    [cantidad] => 1
    [centrosPermitidos] => 1
)

--------------------------------------------------------------------------------
[2025-03-14 22:02:19] Centros de trabajo recuperados
Datos: Array
(
    [cantidad] => 1
    [centrosPermitidos] => 1
)

--------------------------------------------------------------------------------
[2025-03-14 22:04:51] Centros de trabajo recuperados
Datos: Array
(
    [cantidad] => 1
    [centrosPermitidos] => 1
)

--------------------------------------------------------------------------------
[2025-03-14 22:05:01] Centros de trabajo recuperados
Datos: Array
(
    [cantidad] => 1
    [centrosPermitidos] => 1
)

--------------------------------------------------------------------------------
[2025-03-14 22:05:04] Centros de trabajo recuperados
Datos: Array
(
    [cantidad] => 1
    [centrosPermitidos] => 1
)

--------------------------------------------------------------------------------
[2025-03-14 22:06:35] Centros de trabajo recuperados
Datos: Array
(
    [cantidad] => 1
    [centrosPermitidos] => 1
)

--------------------------------------------------------------------------------
[2025-03-14 22:07:17] Centros de trabajo recuperados
Datos: Array
(
    [cantidad] => 1
    [centrosPermitidos] => 1
)

--------------------------------------------------------------------------------
[2025-03-14 22:07:21] Centros de trabajo recuperados
Datos: Array
(
    [cantidad] => 1
    [centrosPermitidos] => 1
)

--------------------------------------------------------------------------------
[2025-03-14 22:08:11] Centros de trabajo recuperados
Datos: Array
(
    [cantidad] => 1
    [centrosPermitidos] => 1
)

--------------------------------------------------------------------------------
[2025-03-14 22:08:13] Usuarios recuperados
Datos: Array
(
    [cantidad] => 3
    [centrosTrabajo] => 1
    [filtro] => 
)

--------------------------------------------------------------------------------
[2025-03-14 22:10:52] Usuarios recuperados
Datos: Array
(
    [cantidad] => 3
    [centrosTrabajo] => 1
    [filtro] => 
)

--------------------------------------------------------------------------------
[2025-03-14 22:30:00] Usuarios recuperados
Datos: Array
(
    [cantidad] => 3
    [centrosTrabajo] => 1
    [filtro] => 
)

--------------------------------------------------------------------------------
[2025-03-14 22:31:27] Usuarios recuperados
Datos: Array
(
    [cantidad] => 3
    [centrosTrabajo] => 1
    [filtro] => 
)

--------------------------------------------------------------------------------
[2025-03-17 21:26:24] Usuarios recuperados
Datos: Array
(
    [cantidad] => 6
    [centrosTrabajo] => 1
    [filtro] => 
)

--------------------------------------------------------------------------------
[2025-03-18 02:34:10] Usuarios recuperados
Datos: Array
(
    [cantidad] => 6
    [centrosTrabajo] => 1
    [filtro] => 
)

--------------------------------------------------------------------------------
[2025-03-18 02:39:30] Usuarios recuperados
Datos: Array
(
    [cantidad] => 7
    [centrosTrabajo] => 1
    [filtro] => 
)

--------------------------------------------------------------------------------
[2025-03-18 02:44:37] Usuarios recuperados
Datos: Array
(
    [cantidad] => 7
    [centrosTrabajo] => 1
    [filtro] => 
)

--------------------------------------------------------------------------------
[2025-03-18 02:45:35] Usuarios recuperados
Datos: Array
(
    [cantidad] => 7
    [centrosTrabajo] => 1
    [filtro] => 
)

--------------------------------------------------------------------------------
[2025-03-18 03:01:42] Usuarios recuperados
Datos: Array
(
    [cantidad] => 7
    [centrosTrabajo] => 1
    [filtro] => 
)

--------------------------------------------------------------------------------
[2025-03-18 03:05:18] Usuarios recuperados
Datos: Array
(
    [cantidad] => 7
    [centrosTrabajo] => 1
    [filtro] => 
)

--------------------------------------------------------------------------------
[2025-03-18 03:07:57] Usuarios recuperados
Datos: Array
(
    [cantidad] => 7
    [centrosTrabajo] => 1
    [filtro] => 
)

--------------------------------------------------------------------------------
